Android/Araripina/app/build/intermediates/manifest_merge_blame_file/release/manifest-merger-blame-release-report.txt
1<?xml version="1.0" encoding="utf-8"?>
2<manifest xmlns:android="http://schemas.android.com/apk/res/android"
3    package="araripina.app.webview"
4    android:installLocation="auto"
5    android:versionCode="1"
6    android:versionName="alpha" >
7
8    <uses-sdk
9        android:minSdkVersion="21"
9-->src/main/AndroidManifest.xml
10        android:targetSdkVersion="33" />
10-->src/main/AndroidManifest.xml
11
12    <supports-screens
12-->src/main/AndroidManifest.xml:7:5-13:40
13        android:anyDensity="true"
13-->src/main/AndroidManifest.xml:8:9-34
14        android:largeScreens="true"
14-->src/main/AndroidManifest.xml:9:9-36
15        android:normalScreens="true"
15-->src/main/AndroidManifest.xml:10:9-37
16        android:resizeable="true"
16-->src/main/AndroidManifest.xml:11:9-34
17        android:smallScreens="true"
17-->src/main/AndroidManifest.xml:12:9-36
18        android:xlargeScreens="true" />
18-->src/main/AndroidManifest.xml:13:9-37
19<!--         Remove permissions that your app doesn't require, asking for authority over unwanted information can cause damage to your reputation among your users -->
20    <uses-permission android:name="android.permission.INTERNET" />
20-->src/main/AndroidManifest.xml:17:5-67
20-->src/main/AndroidManifest.xml:17:22-64
21    <uses-permission android:name="android.permission.ACCESS_NETWORK_STATE" />
21-->src/main/AndroidManifest.xml:18:5-79
21-->src/main/AndroidManifest.xml:18:22-76
22    <uses-permission android:name="android.permission.ACCESS_WIFI_STATE" />
22-->src/main/AndroidManifest.xml:19:5-76
22-->src/main/AndroidManifest.xml:19:22-73
23    <uses-permission android:name="android.permission.POST_NOTIFICATIONS" />
23-->src/main/AndroidManifest.xml:20:2-74
23-->src/main/AndroidManifest.xml:20:19-71
24    <uses-permission android:name="android.permission.WRITE_EXTERNAL_STORAGE" />
24-->src/main/AndroidManifest.xml:21:5-23:48
24-->src/main/AndroidManifest.xml:22:9-65
25    <uses-permission android:name="android.permission.READ_EXTERNAL_STORAGE" />
25-->src/main/AndroidManifest.xml:24:2-77
25-->src/main/AndroidManifest.xml:24:19-74
26    <uses-permission android:name="android.permission.CAMERA" />
26-->src/main/AndroidManifest.xml:25:2-62
26-->src/main/AndroidManifest.xml:25:19-59
27    <uses-permission android:name="android.permission.RECORD_AUDIO" />
27-->src/main/AndroidManifest.xml:26:5-27:50
27-->src/main/AndroidManifest.xml:27:1-47
28    <uses-permission android:name="android.permission.MODIFY_AUDIO_SETTINGS" />
28-->src/main/AndroidManifest.xml:28:5-80
28-->src/main/AndroidManifest.xml:28:22-77
29    <uses-permission android:name="android.permission.VIBRATE" />
29-->src/main/AndroidManifest.xml:30:1-62
29-->src/main/AndroidManifest.xml:30:18-59
30
31    <queries>
31-->src/main/AndroidManifest.xml:32:5-37:15
32
33        <!-- Camera -->
34        <intent>
34-->src/main/AndroidManifest.xml:34:9-36:18
35            <action android:name="android.media.action.IMAGE_CAPTURE" />
35-->src/main/AndroidManifest.xml:35:13-73
35-->src/main/AndroidManifest.xml:35:21-70
36        </intent>
37    </queries>
38
39    <uses-feature android:name="android.hardware.camera" />
39-->src/main/AndroidManifest.xml:39:5-60
39-->src/main/AndroidManifest.xml:39:19-57
40    <uses-feature android:name="android.hardware.camera.autofocus" />
40-->src/main/AndroidManifest.xml:40:5-70
40-->src/main/AndroidManifest.xml:40:19-67
41    <uses-feature android:name="android.hardware.microphone" />
41-->src/main/AndroidManifest.xml:41:5-64
41-->src/main/AndroidManifest.xml:41:19-61
42
43    <!-- remove location.gps feature if not using permission ACCESS_FINE_LOCATION -->
44    <uses-feature android:name="android.hardware.location.gps" />
44-->src/main/AndroidManifest.xml:44:5-66
44-->src/main/AndroidManifest.xml:44:19-63
45    <uses-feature
45-->src/main/AndroidManifest.xml:45:5-47:36
46        android:name="android.hardware.touchscreen"
46-->src/main/AndroidManifest.xml:46:9-52
47        android:required="false" />
47-->src/main/AndroidManifest.xml:47:9-33
48
49    <permission
49-->[androidx.core:core:1.9.0] AndroidManifest.xml:22:5-24:47
50        android:name="araripina.app.webview.DYNAMIC_RECEIVER_NOT_EXPORTED_PERMISSION"
50-->[androidx.core:core:1.9.0] AndroidManifest.xml:23:9-81
51        android:protectionLevel="signature" />
51-->[androidx.core:core:1.9.0] AndroidManifest.xml:24:9-44
52
53    <uses-permission android:name="araripina.app.webview.DYNAMIC_RECEIVER_NOT_EXPORTED_PERMISSION" />
53-->[androidx.core:core:1.9.0] AndroidManifest.xml:26:5-97
53-->[androidx.core:core:1.9.0] AndroidManifest.xml:26:22-94
54
55    <application
55-->src/main/AndroidManifest.xml:49:5-99:19
56        android:allowBackup="true"
56-->src/main/AndroidManifest.xml:51:9-35
57        android:appComponentFactory="androidx.core.app.CoreComponentFactory"
57-->[androidx.core:core:1.9.0] AndroidManifest.xml:28:18-86
58        android:hardwareAccelerated="true"
58-->src/main/AndroidManifest.xml:52:9-43
59        android:icon="@mipmap/ic_launcher"
59-->src/main/AndroidManifest.xml:53:9-43
60        android:label="@string/app_name"
60-->src/main/AndroidManifest.xml:54:9-41
61        android:requestLegacyExternalStorage="true"
61-->src/main/AndroidManifest.xml:50:9-52
62        android:supportsRtl="true"
62-->src/main/AndroidManifest.xml:55:9-35
63        android:theme="@style/SplashTheme" >
63-->src/main/AndroidManifest.xml:56:9-43
64        <activity
64-->src/main/AndroidManifest.xml:58:9-68:20
65            android:name="araripina.app.webview.SplashScreen"
65-->src/main/AndroidManifest.xml:59:13-41
66            android:exported="true"
66-->src/main/AndroidManifest.xml:60:13-36
67            android:label="@string/app_name"
67-->src/main/AndroidManifest.xml:61:13-45
68            android:screenOrientation="portrait" >
68-->src/main/AndroidManifest.xml:62:13-49
69            <intent-filter>
69-->src/main/AndroidManifest.xml:64:13-67:29
70                <action android:name="android.intent.action.MAIN" />
70-->src/main/AndroidManifest.xml:65:17-69
70-->src/main/AndroidManifest.xml:65:25-66
71
72                <category android:name="android.intent.category.LAUNCHER" />
72-->src/main/AndroidManifest.xml:66:17-77
72-->src/main/AndroidManifest.xml:66:27-74
73            </intent-filter>
74        </activity>
75        <activity
75-->src/main/AndroidManifest.xml:69:9-84:20
76            android:name="araripina.app.webview.MainActivity"
76-->src/main/AndroidManifest.xml:70:13-41
77            android:exported="true"
77-->src/main/AndroidManifest.xml:71:13-36
78            android:screenOrientation="portrait" > <!-- remove or alter as your apps requirement -->
78-->src/main/AndroidManifest.xml:72:13-49
79            <intent-filter android:label="@string/app_name" >
79-->src/main/AndroidManifest.xml:73:13-83:29
79-->src/main/AndroidManifest.xml:73:28-60
80                <action android:name="android.intent.action.VIEW" />
80-->src/main/AndroidManifest.xml:74:17-69
80-->src/main/AndroidManifest.xml:74:25-66
81
82                <category android:name="android.intent.category.DEFAULT" />
82-->src/main/AndroidManifest.xml:76:17-76
82-->src/main/AndroidManifest.xml:76:27-73
83                <category android:name="android.intent.category.BROWSABLE" />
83-->src/main/AndroidManifest.xml:77:17-78
83-->src/main/AndroidManifest.xml:77:27-75
84
85                <data
85-->src/main/AndroidManifest.xml:79:17-82:46
86                    android:host="araripina.com.br"
86-->src/main/AndroidManifest.xml:80:21-52
87                    android:pathPrefix="/"
87-->src/main/AndroidManifest.xml:81:21-43
88                    android:scheme="https" /> <!-- if you want only a specific directory from your website to be opened in the app through external links -->
88-->src/main/AndroidManifest.xml:82:21-43
89            </intent-filter>
90        </activity>
91
92        <provider
93            android:name="androidx.core.content.FileProvider"
93-->src/main/AndroidManifest.xml:87:13-62
94            android:authorities="araripina.app.webview.provider"
94-->src/main/AndroidManifest.xml:88:13-60
95            android:exported="false"
95-->src/main/AndroidManifest.xml:89:13-37
96            android:grantUriPermissions="true" >
96-->src/main/AndroidManifest.xml:90:13-47
97            <meta-data
97-->src/main/AndroidManifest.xml:91:13-93:58
98                android:name="android.support.FILE_PROVIDER_PATHS"
98-->src/main/AndroidManifest.xml:92:17-67
99                android:resource="@xml/provider_paths" />
99-->src/main/AndroidManifest.xml:93:17-55
100        </provider>
101
102        <meta-data
102-->src/main/AndroidManifest.xml:96:9-98:69
103            android:name="com.google.android.gms.version"
103-->src/main/AndroidManifest.xml:97:13-58
104            android:value="@integer/google_play_services_version" />
104-->src/main/AndroidManifest.xml:98:13-66
105
106        <activity
106-->[com.google.android.gms:play-services-auth:20.6.0] AndroidManifest.xml:23:9-27:75
107            android:name="com.google.android.gms.auth.api.signin.internal.SignInHubActivity"
107-->[com.google.android.gms:play-services-auth:20.6.0] AndroidManifest.xml:24:13-93
108            android:excludeFromRecents="true"
108-->[com.google.android.gms:play-services-auth:20.6.0] AndroidManifest.xml:25:13-46
109            android:exported="false"
109-->[com.google.android.gms:play-services-auth:20.6.0] AndroidManifest.xml:26:13-37
110            android:theme="@android:style/Theme.Translucent.NoTitleBar" />
110-->[com.google.android.gms:play-services-auth:20.6.0] AndroidManifest.xml:27:13-72
111        <!--
112            Service handling Google Sign-In user revocation. For apps that do not integrate with
113            Google Sign-In, this service will never be started.
114        -->
115        <service
115-->[com.google.android.gms:play-services-auth:20.6.0] AndroidManifest.xml:33:9-37:51
116            android:name="com.google.android.gms.auth.api.signin.RevocationBoundService"
116-->[com.google.android.gms:play-services-auth:20.6.0] AndroidManifest.xml:34:13-89
117            android:exported="true"
117-->[com.google.android.gms:play-services-auth:20.6.0] AndroidManifest.xml:35:13-36
118            android:permission="com.google.android.gms.auth.api.signin.permission.REVOCATION_NOTIFICATION"
118-->[com.google.android.gms:play-services-auth:20.6.0] AndroidManifest.xml:36:13-107
119            android:visibleToInstantApps="true" />
119-->[com.google.android.gms:play-services-auth:20.6.0] AndroidManifest.xml:37:13-48
120
121        <activity
121-->[com.google.android.gms:play-services-base:18.1.0] AndroidManifest.xml:20:9-22:45
122            android:name="com.google.android.gms.common.api.GoogleApiActivity"
122-->[com.google.android.gms:play-services-base:18.1.0] AndroidManifest.xml:20:19-85
123            android:exported="false"
123-->[com.google.android.gms:play-services-base:18.1.0] AndroidManifest.xml:22:19-43
124            android:theme="@android:style/Theme.Translucent.NoTitleBar" />
124-->[com.google.android.gms:play-services-base:18.1.0] AndroidManifest.xml:21:19-78
125
126        <provider
126-->[androidx.emoji2:emoji2:1.2.0] AndroidManifest.xml:24:9-32:20
127            android:name="androidx.startup.InitializationProvider"
127-->[androidx.emoji2:emoji2:1.2.0] AndroidManifest.xml:25:13-67
128            android:authorities="araripina.app.webview.androidx-startup"
128-->[androidx.emoji2:emoji2:1.2.0] AndroidManifest.xml:26:13-68
129            android:exported="false" >
129-->[androidx.emoji2:emoji2:1.2.0] AndroidManifest.xml:27:13-37
130            <meta-data
130-->[androidx.emoji2:emoji2:1.2.0] AndroidManifest.xml:29:13-31:52
131                android:name="androidx.emoji2.text.EmojiCompatInitializer"
131-->[androidx.emoji2:emoji2:1.2.0] AndroidManifest.xml:30:17-75
132                android:value="androidx.startup" />
132-->[androidx.emoji2:emoji2:1.2.0] AndroidManifest.xml:31:17-49
133            <meta-data
133-->[androidx.lifecycle:lifecycle-process:2.4.1] AndroidManifest.xml:31:13-33:52
134                android:name="androidx.lifecycle.ProcessLifecycleInitializer"
134-->[androidx.lifecycle:lifecycle-process:2.4.1] AndroidManifest.xml:32:17-78
135                android:value="androidx.startup" />
135-->[androidx.lifecycle:lifecycle-process:2.4.1] AndroidManifest.xml:33:17-49
136        </provider>
137    </application>
138
139</manifest>